Timestamp	IR Status	Ultrasonic Status	Internal Incident Radiation	External Incident Radiation	Temperature	Humidity	Headcount	Brightness Level
02:38:24	1	961.62	49.51	54.32	26.9	77.0	0	52
02:38:26	1	953.28	50.62	59.21	26.1	81.0	0	49
02:38:29	1	943.67	50.67	58.69	26.1	81.0	0	49
02:38:30	1	956.92	50.78	59.05	26.1	81.0	0	48
02:38:33	1	409.05	50.72	59.15	26.2	81.0	0	50
02:38:35	1	414.37	50.86	59.22	26.2	81.0	0	49
02:38:38	1	944.45	50.86	59.08	26.2	81.0	0	48
02:38:41	1	283.81	50.67	59.03	26.2	81.0	0	50
02:38:43	1	368.98	50.86	59.29	26.2	81.0	0	49
02:38:46	1	83.05	50.75	59.04	26.2	81.0	0	50
02:38:49	1	104.96	50.73	59.07	26.2	81.0	0	50
02:38:50	0	98.58	50.8	59.09	26.2	81.0	0	0
02:38:52	1	122.83	50.39	56.31	26.2	81.0	0	51
02:38:54	1	133.67	50.6	58.92	26.2	81.0	0	51
02:38:55	1	947.68	50.7	59.16	26.3	80.0	0	49
02:38:58	1	948.05	50.82	59.16	26.4	80.0	0	48
02:39:01	1	977.0	50.77	59.13	26.4	80.0	0	48
02:39:02	1	956.27	50.69	58.92	26.3	80.0	0	49
02:39:05	1	956.84	50.98	59.32	26.3	80.0	0	48
02:39:08	1	943.47	50.81	58.62	26.4	80.0	0	48
02:39:09	1	964.53	51.15	59.2	26.4	80.0	0	47
02:39:12	1	1677.67	50.77	58.75	26.4	80.0	0	47
02:39:13	1	1672.88	51.06	59.14	26.4	80.0	0	46
02:39:16	1	978.14	50.9	58.92	26.4	80.0	0	48
02:39:18	1	973.56	50.75	59.07	26.4	80.0	0	48
02:39:20	1	960.72	50.89	59.15	26.4	80.0	0	48
02:39:21	1	961.05	50.85	59.14	26.4	80.0	0	48
02:39:22	1	947.92	50.91	58.92	26.4	80.0	0	48
02:41:31	1	956.84	49.17	54.33	26.4	80.0	0	55
02:41:33	1	952.5	50.23	59.85	26.1	81.0	0	50
02:41:35	1	960.97	50.1	59.54	26.1	81.0	0	50
02:41:36	1	956.43	50.13	59.79	26.2	81.0	0	50
02:41:38	1	122.83	49.97	59.74	26.1	81.0	0	54
02:41:40	1	102.51	49.79	59.66	26.2	81.0	0	55
02:41:43	1	81.57	49.93	59.85	26.2	81.0	0	55
02:41:44	1	95.07	49.9	59.95	26.3	81.0	0	55
02:41:45	1	94.94	49.87	59.86	26.2	81.0	0	55
02:41:47	1	111.99	50.01	59.85	26.3	80.0	0	54
02:41:50	1	127.9	50.12	59.73	26.3	80.0	0	54
02:41:51	1	137.96	50.05	59.91	26.3	80.0	0	54
02:41:52	1	960.27	50.28	59.45	26.4	80.0	0	49
02:41:54	1	938.97	50.03	58.41	26.3	80.0	0	51
02:41:57	1	939.75	50.17	59.62	26.4	80.0	0	50
02:42:00	1	964.4	50.1	59.48	26.4	80.0	0	50
02:42:01	1	952.75	50.19	59.49	26.4	80.0	0	50
02:42:02	1	956.47	50.22	59.41	26.4	80.0	0	50
02:42:04	1	953.12	50.22	59.42	26.4	80.0	0	50
02:42:05	1	1681.14	50.19	59.39	26.5	80.0	0	47
02:42:07	1	944.41	50.24	59.11	26.5	80.0	0	50
02:42:09	1	118.37	50.02	59.57	26.5	80.0	0	54
02:42:11	1	214.09	50.12	59.52	26.4	80.0	0	53
02:42:14	0	973.81	49.14	59.61	26.4	80.0	0	0
02:42:16	0	1673.66	48.76	56.62	26.4	80.0	0	0
02:42:18	0	952.55	48.69	56.41	26.4	80.0	0	0
02:42:19	0	944.29	48.72	56.69	26.4	80.0	0	0
02:42:20	0	968.94	48.7	56.63	26.5	80.0	0	0
02:42:22	0	982.03	48.75	56.41	26.5	80.0	0	0
02:42:23	0	951.85	48.62	56.35	26.5	80.0	0	0
02:42:24	0	952.26	48.65	56.64	26.5	80.0	0	0
02:42:26	0	960.72	48.71	56.88	26.5	80.0	0	0
02:42:27	0	960.76	48.67	56.4	26.5	80.0	0	0
02:42:29	0	952.3	48.67	56.71	26.5	80.0	0	0
02:42:30	0	952.63	48.65	56.49	26.5	79.0	0	0
02:42:31	1	956.23	48.91	56.53	26.5	79.0	0	56
02:42:33	1	960.31	49.91	60.03	26.5	79.0	0	51
02:42:35	1	969.27	49.27	59.62	26.5	79.0	0	54
02:42:38	0	947.76	49.04	59.49	26.6	79.0	0	0
02:42:39	0	956.72	48.79	56.56	26.6	79.0	0	0
02:42:41	0	943.67	49.29	56.76	26.6	79.0	0	0
02:42:42	1	952.55	49.79	56.81	26.6	79.0	0	52
02:42:44	1	956.47	50.1	59.65	26.6	79.0	0	50
02:42:46	1	161.02	49.92	59.64	26.6	79.0	0	55
02:42:48	1	47.76	49.63	59.86	26.6	79.0	0	56
02:42:51	1	57.12	49.65	59.93	26.5	79.0	0	56
02:42:53	1	241.28	49.95	59.55	26.6	79.0	0	54
02:42:55	1	2087.33	50.12	59.43	26.6	79.0	0	45
02:42:57	1	947.6	50.09	58.98	26.5	79.0	0	50
02:42:59	1	969.15	50.14	59.61	26.6	79.0	0	50
02:43:00	1	237.65	50.14	59.42	26.5	79.0	0	53
02:43:03	1	233.39	50.23	59.8	26.5	79.0	0	53
02:43:04	1	240.51	50.15	59.88	26.6	79.0	0	53
02:43:05	1	232.25	50.22	59.68	26.6	79.0	0	53
02:43:07	1	231.14	50.1	59.69	26.6	79.0	0	53
02:43:08	1	235.19	50.12	59.59	26.6	79.0	0	53
02:43:09	1	234.95	50.17	59.68	26.6	79.0	0	53
02:43:11	1	230.41	50.09	59.47	26.6	79.0	0	53
02:43:12	1	235.56	50.13	59.57	26.6	79.0	0	53
02:43:13	1	234.74	50.22	59.9	26.5	79.0	0	53
02:43:15	1	952.05	50.15	59.4	26.5	79.0	0	50
02:43:17	1	952.1	50.24	59.64	26.6	79.0	0	50
02:43:18	1	956.8	50.13	59.5	26.7	79.0	0	50
02:43:20	1	961.05	50.19	59.65	26.7	79.0	0	50
02:43:21	1	951.93	50.3	59.38	26.6	79.0	0	49
02:43:24	1	960.6	50.24	59.54	26.7	79.0	0	50
02:43:27	1	948.42	50.16	59.42	26.6	79.0	0	50
02:43:28	1	952.42	50.24	59.43	26.7	79.0	0	50
02:43:29	1	280.5	50.21	59.61	26.6	79.0	0	53
02:43:32	1	270.32	50.11	59.86	26.6	79.0	0	53
02:43:33	1	283.15	50.16	59.94	26.6	79.0	0	53
02:43:34	1	292.64	50.06	59.6	26.7	79.0	0	53
02:43:36	1	315.91	50.12	59.73	26.6	79.0	0	53
02:43:37	1	286.92	50.2	59.36	26.7	79.0	0	53
02:43:38	1	231.23	50.09	59.6	26.7	79.0	0	53
02:43:40	1	162.66	50.05	59.32	26.7	79.0	0	54
02:43:43	1	225.38	50.01	59.78	26.7	79.0	0	54
02:43:44	1	242.8	49.79	59.87	26.7	79.0	0	55
02:43:47	1	353.61	50.15	59.6	26.7	79.0	0	53
02:43:49	1	464.78	50.22	59.3	26.7	79.0	0	52
02:43:52	1	956.59	50.14	59.44	26.6	79.0	0	50
02:43:54	1	326.5	50.23	59.58	26.5	79.0	0	52
02:43:57	1	2087.17	50.15	59.39	26.7	79.0	0	45
02:43:59	1	226.69	50.1	59.03	26.6	79.0	0	53
02:44:01	1	143.15	49.99	59.5	26.6	79.0	0	54
02:44:04	1	137.35	49.98	59.92	26.6	79.0	0	54
02:44:05	1	111.59	49.88	59.56	26.6	79.0	0	55
02:44:08	1	63.17	49.66	59.48	26.5	79.0	0	56
02:44:11	1	62.81	49.53	59.83	26.5	79.0	0	57
02:44:14	1	200.89	50.01	60.06	26.7	79.0	0	54
02:44:16	1	196.02	50.03	59.55	26.5	79.0	0	54
02:44:17	1	187.76	49.94	59.85	26.5	79.0	0	54
02:44:18	1	192.34	50.0	59.58	26.6	79.0	0	54
02:44:20	1	322.0	50.17	59.51	26.6	79.0	0	53
02:44:23	1	327.85	50.1	59.92	26.5	79.0	0	53
02:44:24	1	299.96	50.21	59.88	26.5	79.0	0	52
02:44:27	1	300.53	50.11	59.47	26.6	79.0	0	53
02:44:30	1	413.75	50.16	59.59	26.6	79.0	0	52
02:44:33	1	418.7	50.13	59.38	26.5	79.0	0	52
02:44:34	1	409.75	50.16	59.86	26.6	79.0	0	52
02:44:35	1	390.9	50.14	59.35	26.6	79.0	0	52
02:44:37	1	2108.92	50.14	59.66	26.6	79.0	0	45
02:44:39	1	2100.66	50.13	59.37	26.6	79.0	0	45
02:44:40	1	291.86	50.19	59.36	26.6	79.0	0	53
02:44:42	1	250.32	49.99	59.55	26.7	79.0	0	54
02:44:45	1	943.88	49.63	58.86	26.7	79.0	0	53
02:44:48	1	271.46	49.98	59.78	26.6	79.0	0	54
02:44:51	1	956.63	50.09	59.85	26.6	79.0	0	50
02:44:53	1	944.12	50.01	60.24	26.6	79.0	0	51
02:44:56	1	544.27	50.12	59.52	26.6	79.0	0	52
02:44:58	1	547.26	50.1	59.39	26.5	79.0	0	52
02:45:00	1	547.91	49.99	59.45	26.5	79.0	0	53
02:45:03	1	725.29	49.98	59.4	26.6	79.0	0	52
02:45:06	1	623.23	50.12	59.36	26.6	79.0	0	52
02:45:07	1	629.52	50.14	59.8	26.5	79.0	0	51
02:45:10	1	720.79	50.09	59.41	26.5	79.0	0	51
02:45:11	1	723.45	50.17	59.57	26.5	79.0	0	51
02:45:12	1	674.01	50.05	59.63	26.5	79.0	0	52
02:45:15	1	519.49	50.11	59.43	26.5	79.0	0	52
02:45:17	1	569.09	50.08	59.34	26.5	79.0	0	52
02:45:18	1	741.52	50.08	59.51	26.5	79.0	0	51
02:45:21	1	750.84	50.11	59.39	26.5	79.0	0	51
02:45:22	1	939.67	50.04	59.7	26.6	79.0	0	51
02:45:24	1	828.41	50.1	59.36	26.6	79.0	0	51
02:45:25	1	832.33	50.17	59.4	26.6	79.0	0	50
02:45:28	1	941.14	50.08	59.21	26.6	79.0	0	50
02:45:29	1	944.65	50.19	59.27	26.5	79.0	0	50
02:45:31	1	961.21	50.11	59.25	26.6	79.0	0	50
02:45:32	1	969.92	50.13	59.55	26.5	79.0	0	50
02:45:33	1	948.87	50.05	59.17	26.6	79.0	0	51
02:45:36	1	948.29	49.53	59.42	26.7	79.0	0	53
02:45:38	1	952.5	49.59	59.73	26.6	79.0	0	53
02:45:40	1	952.34	50.15	59.42	26.6	79.0	0	50
02:45:42	1	956.76	50.07	59.37	26.5	79.0	0	50
02:45:43	1	968.82	49.98	59.5	26.6	79.0	0	51
02:45:46	1	1034.36	49.98	59.5	26.6	79.0	0	51
02:45:48	1	732.56	50.18	59.45	26.6	79.0	0	51
02:45:49	1	653.77	50.0	59.57	26.5	79.0	0	52
02:45:52	1	615.34	50.11	59.76	26.6	79.0	0	52
02:45:53	1	951.77	50.03	59.36	26.6	79.0	0	51
02:45:56	1	948.25	50.08	59.23	26.6	79.0	0	50
02:45:59	1	948.54	49.99	59.67	26.5	79.0	0	51
02:46:02	1	948.37	50.07	59.45	26.5	79.0	0	50
02:46:05	1	944.04	50.07	59.46	26.5	79.0	0	50
02:46:06	1	948.13	50.15	59.41	26.5	79.0	0	50
02:46:07	1	973.89	50.12	59.38	26.6	79.0	0	50
02:46:09	1	877.51	50.08	59.43	26.6	79.0	0	51
02:46:12	1	956.23	50.04	59.39	26.6	79.0	0	51
02:46:13	1	948.58	50.09	59.6	26.6	79.0	0	50
02:46:16	1	944.57	50.01	59.26	26.5	79.0	0	51
02:46:19	1	855.03	49.81	59.65	26.7	79.0	0	52
02:46:21	1	1253.36	49.64	59.83	26.6	79.0	0	51
02:46:24	1	1216.93	49.64	59.34	26.6	79.0	0	52
02:46:27	1	956.8	49.71	59.53	26.5	79.0	0	52
02:46:29	1	1683.02	49.69	59.82	26.5	79.0	0	49
02:46:31	1	881.85	49.69	59.6	26.5	79.0	0	53
02:46:33	1	1278.1	49.64	59.59	26.6	79.0	0	51
02:46:35	1	1350.07	49.76	60.04	26.6	79.0	0	50
02:46:38	1	1280.72	49.61	59.51	26.6	79.0	0	51
02:46:41	1	1307.17	49.74	59.62	26.5	79.0	0	51
02:46:42	1	1354.65	49.78	59.56	26.5	79.0	0	50
02:46:45	1	907.36	49.64	59.42	26.6	79.0	0	53
02:46:47	1	1686.09	49.78	59.56	26.6	79.0	0	49
02:46:50	1	592.23	49.53	59.57	26.6	79.0	0	55
02:46:52	1	776.31	49.61	59.84	26.6	79.0	0	54
02:46:54	1	576.82	49.67	59.62	26.7	79.0	0	54
02:46:56	1	573.1	49.59	59.41	26.6	79.0	0	54
02:46:57	1	619.14	49.54	59.7	26.6	79.0	0	55
02:47:00	1	616.68	49.5	59.38	26.5	79.0	0	55
02:47:01	1	725.61	49.67	59.49	26.6	79.0	0	53
02:47:04	1	816.75	49.74	59.49	26.6	79.0	0	53
02:47:05	1	1021.4	49.79	59.32	26.6	79.0	0	52
02:47:08	1	965.71	49.77	59.59	26.6	79.0	0	52
02:47:09	1	949.07	49.73	59.32	26.6	79.0	0	52
02:47:11	1	868.52	49.68	59.49	26.6	79.0	0	53
02:47:14	1	1091.28	49.81	59.57	26.7	79.0	0	51
02:47:16	1	1183.81	49.76	59.44	26.6	79.0	0	51
02:47:17	1	1250.87	49.67	59.1	26.6	79.0	0	51
02:47:19	1	1291.06	49.68	59.45	26.7	79.0	0	51
02:47:20	1	1251.61	49.66	59.27	26.6	79.0	0	51
02:47:21	1	1120.93	49.72	59.33	26.6	79.0	0	52
02:47:24	1	1105.18	49.78	59.26	26.7	79.0	0	51
02:47:27	1	582.42	49.48	60.01	26.7	79.0	0	55
02:47:29	1	909.41	52.94	63.0	26.7	79.0	0	36
02:47:31	1	1019.56	52.9	62.2	26.6	79.0	0	36
02:47:32	1	1166.84	52.81	62.21	26.6	79.0	0	35
02:47:35	1	1222.21	52.91	61.32	26.6	79.0	0	35
02:47:37	1	1668.75	52.93	62.08	26.6	79.0	0	33
02:47:39	1	1152.49	52.93	62.39	26.6	79.0	0	35
02:47:41	1	903.44	52.91	62.27	26.6	79.0	0	36
02:47:44	1	752.27	52.91	62.18	26.6	79.0	0	37
02:47:47	1	643.26	52.88	62.23	26.6	79.0	0	37
02:47:48	1	563.2	52.78	62.04	26.6	79.0	0	38
02:47:51	1	664.57	52.78	62.42	26.6	79.0	0	38
02:47:52	1	655.24	52.96	62.45	26.7	79.0	0	37
02:47:55	1	797.45	52.83	62.03	26.6	79.0	0	37
02:47:57	1	947.72	52.97	62.51	26.6	79.0	0	35
02:47:59	1	1155.11	52.92	62.42	26.6	79.0	0	35
02:48:00	1	918.89	52.79	61.97	26.6	79.0	0	37
02:48:03	1	1710.34	52.79	62.1	26.6	79.0	0	33
02:48:05	1	1212.35	52.72	62.06	26.7	79.0	0	36
02:48:07	1	1244.0	53.67	62.41	26.6	79.0	0	31
02:48:09	1	1196.08	53.9	62.4	26.6	79.0	0	30
02:48:12	1	868.15	53.81	62.52	26.6	79.0	0	31
02:48:15	1	910.51	53.83	62.56	26.6	79.0	0	31
02:48:16	1	915.3	53.81	62.18	26.6	79.0	0	31
02:48:17	1	744.91	53.9	62.15	26.6	79.0	0	32
02:48:20	1	835.93	53.69	62.19	26.5	79.0	0	32
02:48:21	1	1019.36	53.75	61.84	26.5	79.0	0	31
02:48:24	1	1173.92	53.83	62.64	26.5	79.0	0	30
02:48:27	1	1026.14	53.83	62.22	26.5	79.0	0	31
02:48:30	1	881.11	53.6	62.36	26.6	79.0	0	32
02:48:33	1	1006.52	53.74	62.27	26.6	79.0	0	31
02:48:36	1	528.2	53.58	62.4	26.5	79.0	0	34
02:48:38	1	948.13	53.67	62.62	26.6	79.0	0	32
02:48:40	1	387.91	53.88	62.14	26.5	79.0	0	33
02:48:43	1	143.15	53.56	62.3	26.5	79.0	0	36
02:48:45	1	153.01	53.54	62.54	26.5	79.0	0	36
02:48:46	1	157.95	53.43	62.6	26.5	79.0	0	36
02:48:48	1	1705.59	53.85	62.34	26.6	79.0	0	28
02:48:50	1	193.65	53.64	62.06	26.5	79.0	0	35
02:48:52	1	186.94	53.63	62.39	26.6	79.0	0	35
02:48:53	1	186.49	53.7	62.38	26.6	79.0	0	35
02:48:54	1	199.13	53.69	62.11	26.5	79.0	0	35
02:48:56	1	182.81	53.63	62.32	26.6	79.0	0	35
02:48:57	1	213.6	53.64	62.08	26.6	79.0	0	35
02:48:58	1	289.49	53.75	62.42	26.6	79.0	0	34
02:49:01	1	1673.5	53.45	61.06	26.6	79.0	0	30
02:49:03	1	1685.97	53.97	62.5	26.7	79.0	0	27
02:49:05	1	1673.29	53.95	61.99	26.5	79.0	0	27
02:49:07	1	1664.42	53.74	62.18	26.6	79.0	0	28
02:49:10	1	499.87	53.6	61.95	26.6	79.0	0	34
02:49:12	1	1673.33	53.65	62.24	26.6	79.0	0	29
02:49:14	1	1673.37	53.78	62.02	26.6	79.0	0	28
02:49:16	1	1677.3	53.84	61.97	26.5	79.0	0	28
02:49:18	1	1664.95	53.78	62.37	26.6	79.0	0	28
02:49:19	1	1664.34	53.92	62.18	26.6	79.0	0	28
02:49:20	1	1668.67	53.89	61.89	26.6	79.0	0	28
02:49:22	1	65.54	53.62	61.9	26.7	79.0	0	36
02:49:24	1	85.46	53.7	62.41	26.7	79.0	0	35
02:49:27	1	70.04	53.74	62.37	26.7	79.0	0	35
02:49:28	1	61.46	53.72	62.59	26.7	79.0	0	35
02:49:29	1	62.11	53.79	62.69	26.6	79.0	0	35
02:49:31	1	161.1	53.75	62.34	26.6	79.0	0	35
02:49:32	1	193.32	53.77	62.32	26.6	79.0	0	34
02:49:35	1	370.29	53.7	62.31	26.7	79.0	0	34
02:49:36	1	338.31	53.73	62.48	26.7	79.0	0	34
02:49:37	1	418.7	53.69	62.4	26.7	79.0	0	34
02:49:39	1	482.08	53.89	62.34	26.7	79.0	0	33
02:49:42	1	147.85	53.63	62.22	26.7	79.0	0	35
02:49:44	1	969.47	53.68	62.25	26.7	79.0	0	32
02:49:46	1	1677.22	53.84	62.36	26.6	79.0	0	28
02:49:48	1	952.34	53.94	62.11	26.6	79.0	0	30
02:49:50	1	1664.91	53.71	62.12	26.7	79.0	0	29
02:49:53	1	947.92	53.91	62.45	26.7	79.0	0	31
02:49:56	1	1669.53	53.85	62.33	26.5	79.0	0	28
02:49:58	1	1669.86	53.67	62.31	26.6	79.0	0	29
02:50:01	1	1664.87	53.83	62.05	26.6	79.0	0	28
02:50:03	1	460.98	53.79	62.36	26.6	79.0	0	33
02:50:06	1	1673.09	53.79	62.51	26.7	79.0	0	28
02:50:08	1	404.72	53.55	61.95	26.6	79.0	0	35
02:50:10	1	354.96	53.45	62.21	26.6	79.0	0	35
02:50:11	1	314.35	53.48	62.65	26.6	79.0	0	35
02:50:12	1	355.81	53.53	62.62	26.6	79.0	0	35
02:50:14	1	615.66	53.7	62.07	26.7	79.0	0	33
02:50:16	1	848.52	53.7	62.31	26.7	79.0	0	32
02:50:19	1	1695.33	53.77	62.31	26.7	79.0	0	28
02:50:21	1	613.66	53.54	62.17	26.6	79.0	0	34
02:50:23	1	574.16	53.71	62.4	26.5	79.0	0	33
02:50:26	1	961.09	53.57	62.32	26.6	79.0	0	32
02:50:28	1	1011.22	53.71	62.4	26.6	79.0	0	31
02:50:31	1	998.26	53.76	62.43	26.7	79.0	0	31
02:50:33	1	856.37	53.63	61.97	26.5	79.0	0	32
02:50:35	1	450.96	53.55	62.02	26.7	79.0	0	35
02:50:38	1	442.29	53.54	62.55	26.7	79.0	0	35
02:50:39	1	442.25	53.67	62.23	26.6	79.0	0	34
02:50:42	1	446.55	53.7	62.12	26.7	79.0	0	34
02:50:43	1	450.72	53.7	62.36	26.5	79.0	0	34
02:50:44	1	450.84	53.83	61.98	26.6	79.0	0	33
02:50:47	1	1673.17	53.67	62.55	26.6	79.0	0	29
02:50:49	1	832.33	53.76	62.29	26.7	79.0	0	32
02:50:52	1	1700.69	53.52	62.05	26.6	79.0	0	29
02:50:54	1	558.5	53.46	62.01	26.7	79.0	0	35
02:50:56	1	1669.53	53.65	62.44	26.7	79.0	0	29
02:50:58	1	1669.94	53.43	62.44	26.7	79.0	0	30
02:51:01	1	1668.51	53.73	62.02	26.7	79.0	0	29
02:51:03	1	1668.63	53.65	62.04	26.7	79.0	0	29
02:51:05	1	1664.62	53.58	62.23	26.7	79.0	0	29
02:51:06	1	733.79	53.55	62.38	26.7	79.0	0	33
02:51:08	1	940.11	53.76	62.48	26.7	79.0	0	31
02:51:11	1	1684.74	49.52	59.95	26.7	79.0	0	50
02:51:12	1	1038.0	49.66	60.5	26.7	79.0	0	52
02:51:15	1	869.87	49.67	60.65	26.7	79.0	0	53
02:51:18	1	780.89	49.81	60.86	26.7	79.0	0	52
02:51:21	1	574.04	49.65	60.92	26.7	79.0	0	54
02:51:23	1	1099.58	49.69	61.12	26.6	79.0	0	52
02:51:25	1	1214.19	49.67	60.73	26.6	79.0	0	51
02:51:28	1	952.18	49.72	60.58	26.6	79.0	0	52
02:51:31	1	1687.77	49.65	60.67	26.6	79.0	0	50
02:51:33	1	853.72	49.62	60.74	26.7	79.0	0	53
02:51:36	1	1080.08	49.71	61.05	26.7	79.0	0	52
02:51:38	1	1088.26	49.88	60.61	26.6	79.0	0	51
02:51:41	1	656.22	49.72	60.83	26.6	79.0	0	53
02:51:44	1	643.43	49.88	61.07	26.6	79.0	0	53
02:51:45	1	947.64	49.69	60.71	26.7	79.0	0	52
02:51:48	1	1230.55	49.73	61.08	26.6	79.0	0	51
02:51:51	1	769.0	49.8	60.55	26.6	79.0	0	53
02:51:53	1	619.22	49.67	61.11	26.7	79.0	0	54
02:51:56	1	851.51	49.73	60.89	26.6	79.0	0	53
02:51:59	1	1097.99	49.72	60.97	26.6	79.0	0	52
02:52:02	1	743.28	49.78	60.51	26.6	79.0	0	53
02:52:04	1	680.43	49.82	60.72	26.6	79.0	0	53
02:52:06	1	768.42	49.75	60.65	26.5	79.0	0	53
02:52:07	1	783.84	49.77	61.08	26.5	79.0	0	53
02:52:09	1	626.38	49.75	60.57	26.6	79.0	0	53
02:52:10	1	895.26	49.71	60.73	26.6	79.0	0	53
02:52:11	1	1226.3	49.64	61.05	26.6	79.0	0	51
02:52:14	1	1197.63	49.71	60.8	26.7	79.0	0	51
02:52:15	1	1108.99	49.65	60.54	26.6	79.0	0	52
02:52:18	1	1080.36	49.68	60.58	26.6	79.0	0	52
02:52:19	1	719.85	49.76	60.56	26.6	79.0	0	53
02:52:22	1	862.51	49.68	60.74	26.7	79.0	0	53
02:52:23	1	1270.37	49.62	61.11	26.6	79.0	0	51
02:52:26	1	854.82	49.75	60.7	26.7	79.0	0	52
02:52:29	1	570.6	49.6	60.7	26.7	79.0	0	54
02:52:31	1	724.22	49.8	60.9	26.6	79.0	0	53
02:52:34	1	147.69	49.69	61.0	26.7	79.0	0	56
02:52:36	1	135.91	49.82	60.99	26.7	79.0	0	55
02:52:39	1	1664.3	49.82	60.71	26.6	79.0	0	49
02:52:41	1	1244.45	49.57	60.5	26.6	79.0	0	52
02:52:43	1	2147.68	49.45	60.7	26.6	79.0	0	49
02:52:45	1	1716.96	49.47	60.99	26.6	79.0	0	50
02:52:48	1	83.58	49.63	60.48	26.6	79.0	0	56
02:52:50	1	22279.48	49.74	60.94	26.6	79.0	0	0
02:52:52	1	22311.54	49.44	58.61	26.6	79.0	0	0
02:52:54	1	22361.01	49.46	58.58	26.6	79.0	0	0
02:52:55	1	103.53	49.37	58.59	26.6	79.0	0	58
02:52:57	1	128.84	49.62	61.24	26.7	79.0	0	56
02:52:59	1	85.17	49.63	61.2	26.7	79.0	0	56
02:53:01	1	74.38	49.74	60.9	26.6	79.0	0	56
02:53:02	1	960.93	49.82	60.73	26.7	79.0	0	52
02:53:04	1	633.41	49.68	60.79	26.6	79.0	0	54
02:53:07	1	1673.7	49.74	60.9	26.5	79.0	0	49
02:53:09	1	585.61	49.7	60.96	26.7	79.0	0	54
02:53:11	1	619.79	49.62	61.03	26.5	79.0	0	54
02:53:12	1	1694.55	49.86	60.95	26.7	79.0	0	48
02:53:14	1	1669.12	49.9	60.82	26.6	79.0	0	48
02:53:15	1	280.87	49.8	60.49	26.7	79.0	0	55
02:53:17	1	400.3	49.87	61.2	26.7	79.0	0	54
02:53:20	1	1690.3	49.98	61.41	26.7	79.0	0	48
02:53:22	1	561.24	49.91	60.34	26.7	79.0	0	53
02:53:24	1	601.15	49.85	60.6	26.7	79.0	0	53
02:53:26	1	296.48	49.92	60.8	26.7	79.0	0	54
02:53:29	1	319.01	49.9	60.53	26.7	79.0	0	54
02:53:30	1	284.95	49.92	61.2	26.6	79.0	0	54
02:53:31	1	318.24	49.85	60.72	26.6	79.0	0	54
02:53:33	1	276.69	49.92	61.03	26.7	79.0	0	54
02:53:34	1	1121.66	49.87	60.72	26.7	79.0	0	51
02:53:36	1	278.74	49.91	60.87	26.7	79.0	0	54
02:53:38	1	312.39	50.02	61.01	26.7	79.0	0	53
02:53:41	1	275.55	49.84	61.04	26.7	79.0	0	54
02:53:44	1	278.94	49.76	60.83	26.6	79.0	0	55
02:53:47	1	291.41	49.75	60.59	26.6	79.0	0	55
02:53:48	1	401.28	49.76	60.8	26.6	79.0	0	54
02:53:51	1	509.52	49.77	61.06	26.6	79.0	0	54
02:53:53	1	480.28	49.89	60.67	26.6	79.0	0	53
02:53:55	1	271.46	49.68	60.89	26.6	79.0	0	55
02:53:58	1	281.68	49.7	60.82	26.7	79.0	0	55
02:53:59	1	303.23	49.78	60.66	26.5	79.0	0	55
02:54:00	1	264.71	49.77	60.64	26.7	79.0	0	55
02:54:02	1	2083.12	49.76	61.07	26.6	79.0	0	47
02:54:04	1	279.52	49.73	60.5	26.6	79.0	0	55
02:54:06	1	431.09	49.87	61.17	26.6	79.0	0	54
02:54:09	1	800.52	49.88	60.61	26.6	79.0	0	52
02:54:11	1	398.13	49.83	61.05	26.6	79.0	0	54
02:54:13	1	390.98	49.81	60.82	26.7	79.0	0	54
02:54:15	1	377.61	49.87	60.7	26.6	79.0	0	54
02:54:16	1	394.54	49.83	60.68	26.6	79.0	0	54
02:54:17	1	409.99	49.87	61.22	26.6	79.0	0	54
02:54:19	1	393.51	49.76	60.67	26.7	79.0	0	54
02:54:20	1	376.59	49.82	60.98	26.7	79.0	0	54
02:54:21	1	415.1	49.82	60.92	26.7	79.0	0	54
02:54:23	1	1669.24	44.55	56.02	26.6	79.0	0	76
02:54:25	1	435.02	44.73	57.94	26.7	79.0	0	80
02:54:27	1	406.72	44.78	58.16	26.7	79.0	0	80
02:54:28	1	402.47	44.76	57.99	26.7	79.0	0	80
02:54:30	1	268.11	44.76	58.17	26.7	79.0	0	81
02:54:33	1	124.55	44.63	58.12	26.7	79.0	0	82
02:54:36	1	210.82	44.77	58.15	26.7	79.0	0	81
02:54:39	1	280.09	44.8	58.05	26.6	79.0	0	80
02:54:42	1	536.54	44.81	58.34	26.7	79.0	0	79
02:54:44	1	596.94	44.7	57.9	26.6	79.0	0	80
02:54:47	1	552.78	44.72	58.35	26.7	79.0	0	80
02:54:49	1	771.29	44.83	58.35	26.7	79.0	0	78
02:54:51	1	754.85	44.74	57.88	26.6	79.0	0	79
02:54:54	1	809.97	44.79	57.93	26.5	79.0	0	78
02:54:57	1	888.31	44.84	58.79	26.6	79.0	0	78
02:54:58	1	925.97	44.75	57.92	26.5	79.0	0	78
02:55:00	1	931.94	44.79	57.93	26.6	79.0	0	78
02:55:01	1	934.06	44.83	57.93	26.6	79.0	0	78
02:55:03	1	914.36	44.81	58.17	26.7	79.0	0	78
02:55:04	1	76.99	44.75	58.15	26.7	79.0	0	82
02:55:06	1	60.27	44.74	58.33	26.7	79.0	0	82
02:55:08	1	885.94	44.8	58.33	26.7	79.0	0	78
02:55:10	1	870.52	44.77	57.93	26.6	79.0	0	78
02:55:11	1	951.2	44.77	58.19	26.7	79.0	0	78
02:55:13	1	1730.29	44.81	58.0	26.7	79.0	0	74
02:55:15	1	639.83	44.72	57.9	26.6	79.0	0	79
02:55:17	1	1681.67	44.76	58.32	26.7	79.0	0	75
02:55:19	1	336.11	44.68	57.7	26.7	79.0	0	81
02:55:21	1	172.39	44.76	58.29	26.7	79.0	0	81
02:55:23	1	160.08	44.71	58.27	26.6	79.0	0	81
02:55:24	1	214.79	44.77	58.28	26.7	79.0	0	81
02:55:25	1	250.69	44.79	58.3	26.6	79.0	0	81
02:55:27	1	294.93	44.79	58.3	26.7	79.0	0	80
02:55:30	1	291.01	44.72	58.33	26.7	79.0	0	81
02:55:33	1	352.34	44.72	58.38	26.7	79.0	0	81
02:55:34	1	406.97	44.8	58.31	26.6	79.0	0	80
02:55:37	1	947.15	44.8	58.32	26.7	79.0	0	78
02:55:39	1	586.67	44.75	57.92	26.7	79.0	0	79
02:55:42	1	671.76	44.75	57.91	26.6	79.0	0	79
02:55:44	1	595.18	44.73	57.93	26.6	79.0	0	80
02:55:47	1	753.7	44.81	58.34	26.6	79.0	0	78
02:55:49	1	784.17	44.77	57.93	26.6	79.0	0	79
02:55:52	1	805.02	44.78	57.92	26.7	79.0	0	78
02:55:55	1	897.26	44.74	57.92	26.6	79.0	0	78
02:55:56	1	770.43	44.8	57.93	26.5	79.0	0	78
02:55:58	1	964.48	44.84	58.01	26.6	79.0	0	77
02:56:01	1	1672.02	44.76	57.83	26.7	79.0	0	75
02:56:03	1	1663.52	44.76	57.89	26.6	79.0	0	75
02:56:04	1	1673.05	44.76	57.88	26.6	79.0	0	75
02:56:06	1	1667.94	44.72	57.88	26.5	79.0	0	75
02:56:07	1	1672.8	44.79	57.85	26.6	79.0	0	75
02:56:09	1	1667.85	40.63	57.12	26.6	79.0	0	96
02:56:11	1	1668.39	40.81	58.7	26.7	79.0	0	95
02:56:14	1	1663.4	39.72	52.29	26.7	79.0	1	100
02:56:16	1	1668.88	38.16	46.55	26.7	79.0	1	100
02:56:18	0	673.72	38.11	46.85	26.7	79.0	0	0
02:56:22	1	177.95	26.78	31.73	26.7	79.0	1	100
02:56:25	1	1682.0	26.71	46.93	26.6	79.0	1	100
02:56:27	0	253.71	37.07	44.6	26.7	79.0	0	0
02:56:30	1	189.48	38.46	31.86	26.7	79.0	1	100
02:56:33	1	171.49	38.19	44.08	26.6	79.0	1	100
02:56:35	0	2083.08	38.06	44.0	26.6	79.0	0	0
02:56:38	1	363.13	38.54	31.67	26.6	79.0	1	100
02:56:40	1	333.08	38.3	44.43	26.5	79.0	1	100
02:56:42	0	459.02	38.12	44.1	26.7	79.0	0	0
02:56:45	1	441.72	38.5	31.23	26.5	79.0	1	100
02:56:48	1	445.2	38.26	43.98	26.5	79.0	1	100
02:56:49	0	444.09	38.1	44.19	26.6	79.0	0	0
02:56:52	1	455.99	38.54	31.38	26.7	79.0	1	100
02:56:55	1	439.19	38.24	43.57	26.6	79.0	1	100
02:56:57	0	295.18	38.07	43.11	26.6	79.0	0	0
02:56:59	1	312.76	38.7	34.64	26.5	79.0	1	100
02:57:01	1	295.79	38.64	50.5	26.7	79.0	1	100
02:57:03	0	1726.04	39.26	45.85	26.6	79.0	0	0
02:57:07	1	270.89	38.77	25.45	26.7	79.0	1	100
02:57:09	1	159.71	39.28	35.27	26.7	79.0	1	100
02:57:11	0	159.18	39.13	35.18	26.7	79.0	0	0
02:57:14	1	159.92	38.68	25.36	26.7	79.0	1	100
02:57:17	1	160.49	39.3	35.6	26.5	79.0	1	100
02:57:19	0	152.52	39.3	36.83	26.6	79.0	0	0
02:57:22	1	158.24	38.78	25.83	26.7	79.0	1	100
02:57:24	1	158.28	39.49	37.39	26.7	79.0	1	100
02:57:26	0	153.13	39.34	37.45	26.6	79.0	0	0
02:57:29	1	74.74	38.73	25.84	26.7	79.0	1	100
02:57:31	1	238.63	39.46	37.5	26.6	79.0	1	100
02:57:33	0	270.07	39.3	37.42	26.6	79.0	0	0
02:57:36	1	1673.5	38.89	26.18	26.7	79.0	1	100
02:57:38	1	1668.92	39.29	37.79	26.6	79.0	1	100
02:57:40	0	1669.16	39.25	37.81	26.7	79.0	0	0
02:57:43	0	1006.48	38.87	26.09	26.7	79.0	0	0
02:57:45	1	951.52	39.23	25.77	26.6	79.0	1	100
02:57:48	1	252.82	39.68	37.32	26.7	79.0	1	100
02:57:49	0	646.86	39.52	37.3	26.7	79.0	0	0
02:57:52	1	1681.59	39.19	27.34	26.5	79.0	1	100
02:57:55	1	1664.17	39.72	49.98	26.7	79.0	1	100
02:57:56	1	964.32	39.76	50.89	26.7	79.0	1	100
02:57:58	1	964.24	39.8	51.41	26.6	79.0	1	100
02:57:59	1	1676.52	39.82	51.26	26.7	79.0	1	100
02:58:01	1	1672.96	39.78	51.17	26.6	79.0	1	100
02:58:02	1	1676.73	39.76	51.19	26.7	79.0	1	100
02:58:04	1	1668.47	39.77	51.11	26.7	79.0	1	100
02:58:06	1	309.53	39.8	51.46	26.7	79.0	1	100
02:58:07	1	1698.19	39.79	51.52	26.7	79.0	1	100
02:58:09	1	306.99	39.81	51.58	26.7	79.0	1	100
02:58:10	1	245.46	39.89	51.61	26.7	79.0	1	100
02:58:12	1	299.27	40.12	35.9	26.8	79.0	1	100
02:58:14	1	274.81	39.6	34.59	26.8	79.0	1	100
02:58:16	1	1737.04	38.87	34.4	26.7	79.0	1	100
02:58:18	1	804.0	38.89	33.24	26.7	79.0	1	100
02:58:20	1	201.54	38.93	33.3	26.7	79.0	1	100
02:58:22	1	2169.11	38.85	33.07	26.7	79.0	1	100
02:58:24	1	157.01	38.91	32.98	26.7	79.0	1	100
02:58:26	1	173.86	38.93	32.72	26.7	79.0	1	100
02:58:28	1	162.12	38.95	32.57	26.7	79.0	1	100
02:58:30	1	154.76	38.97	31.4	26.8	79.0	1	100
02:58:32	1	150.88	39.02	30.82	26.8	79.0	1	100
02:58:34	1	161.47	38.97	30.65	26.7	79.0	1	100
02:58:36	1	199.5	38.95	30.55	26.7	79.0	1	100
02:58:38	1	186.66	49.4	54.49	26.7	79.0	0	57
02:58:40	1	167.4	50.13	55.0	26.7	79.0	0	53
02:58:42	1	163.19	50.02	54.83	26.7	79.0	0	54
02:58:45	1	160.98	49.32	54.8	26.7	79.0	0	58
02:58:47	1	177.99	49.05	54.8	26.7	79.0	0	59
02:58:50	1	162.08	49.15	57.2	26.7	79.0	0	58
02:58:53	1	162.86	50.15	57.07	26.7	79.0	0	53
02:58:55	1	157.87	49.52	56.75	26.7	79.0	0	57
02:58:57	1	180.65	49.88	57.3	26.7	79.0	0	55
02:59:00	1	168.13	49.77	53.27	26.7	79.0	0	55
02:59:01	1	220.23	49.68	54.37	26.7	79.0	0	56
02:59:05	1	162.7	39.8	32.53	26.7	79.0	1	100
02:59:08	1	138.37	39.46	34.86	26.6	79.0	1	100
02:59:10	1	148.84	39.51	33.85	26.6	79.0	1	100
02:59:12	1	158.48	39.56	33.44	26.6	79.0	1	100
02:59:14	1	148.39	39.57	33.26	26.7	79.0	1	100
02:59:16	0	146.05	39.36	31.63	26.7	79.0	0	0
02:59:19	1	207.1	39.13	25.77	26.7	79.0	1	100
02:59:21	1	219.33	49.65	53.69	26.7	79.0	0	56
02:59:23	1	156.48	50.29	56.9	26.7	79.0	0	53
02:59:25	1	951.93	50.22	56.7	26.6	79.0	0	50
02:59:28	1	1663.76	50.27	56.72	26.6	79.0	0	46
02:59:30	1	1665.07	50.24	56.68	26.7	79.0	0	47
